::1 - - [27/Oct/2022:14:01:58 +0000] "POST /api/v1/users/signup HTTP/1.1" 500 1485 "-" "PostmanRuntime/7.29.2"
::1 - - [27/Oct/2022:14:05:12 +0000] "POST /api/v1/users/signup HTTP/1.1" 500 693 "-" "PostmanRuntime/7.29.2"
::1 - - [27/Oct/2022:14:11:27 +0000] "POST /api/v1/users/signup HTTP/1.1" 500 1503 "-" "PostmanRuntime/7.29.2"
::1 - - [27/Oct/2022:14:17:02 +0000] "POST /api/v1/users/signup HTTP/1.1" 201 367 "-" "PostmanRuntime/7.29.2"
::1 - - [27/Oct/2022:14:19:37 +0000] "POST /api/v1/users/signup HTTP/1.1" 201 374 "-" "PostmanRuntime/7.29.2"
::1 - - [27/Oct/2022:14:21:31 +0000] "POST /api/v1/users/signup HTTP/1.1" 201 374 "-" "PostmanRuntime/7.29.2"
::1 - - [27/Oct/2022:14:22:08 +0000] "POST /api/v1/users/signin HTTP/1.1" 200 353 "-" "PostmanRuntime/7.29.2"
::1 - - [27/Oct/2022:14:43:13 +0000] "POST /api/v1/users/signup HTTP/1.1" 500 697 "-" "PostmanRuntime/7.29.2"
::1 - - [27/Oct/2022:14:43:52 +0000] "POST /api/v1/users/signup HTTP/1.1" 201 387 "-" "PostmanRuntime/7.29.2"
::1 - - [27/Oct/2022:14:45:44 +0000] "POST /api/v1/users/signin HTTP/1.1" 200 373 "-" "PostmanRuntime/7.29.2"
::1 - - [27/Oct/2022:14:51:52 +0000] "POST /api/v1/users/signup HTTP/1.1" 201 380 "-" "PostmanRuntime/7.29.2"
::1 - - [27/Oct/2022:14:52:38 +0000] "POST /api/v1/users/signin HTTP/1.1" 200 373 "-" "PostmanRuntime/7.29.2"
::1 - - [27/Oct/2022:14:53:00 +0000] "POST /api/v1/users/forgot-password HTTP/1.1" 500 569 "-" "PostmanRuntime/7.29.2"
::1 - - [27/Oct/2022:14:53:58 +0000] "POST /api/v1/users/forgot-password HTTP/1.1" 500 569 "-" "PostmanRuntime/7.29.2"
::1 - - [27/Oct/2022:14:55:48 +0000] "GET /api/v1/users/635a9b084cba9a3b7dae4976 HTTP/1.1" 200 184 "-" "PostmanRuntime/7.29.2"
::1 - - [27/Oct/2022:14:56:46 +0000] "GET /api/v1/users HTTP/1.1" 200 338 "-" "PostmanRuntime/7.29.2"
::1 - - [29/Oct/2022:14:41:13 +0000] "POST /api/v1/users/signin HTTP/1.1" 200 373 "-" "PostmanRuntime/7.29.2"
::1 - - [29/Oct/2022:14:41:27 +0000] "GET /api/v1/users HTTP/1.1" 200 465 "-" "PostmanRuntime/7.29.2"
::1 - - [29/Oct/2022:14:42:34 +0000] "POST /api/v1/users/signin HTTP/1.1" 200 366 "-" "PostmanRuntime/7.29.2"
::1 - - [29/Oct/2022:19:51:11 +0000] "POST /api/v1/stores HTTP/1.1" 500 47 "-" "PostmanRuntime/7.29.2"
::1 - - [29/Oct/2022:20:01:50 +0000] "POST /api/v1/stores HTTP/1.1" 500 47 "-" "PostmanRuntime/7.29.2"
::1 - - [29/Oct/2022:20:02:43 +0000] "POST /api/v1/stores HTTP/1.1" 500 47 "-" "PostmanRuntime/7.29.2"
::1 - - [29/Oct/2022:20:30:14 +0000] "POST /api/v1/stores HTTP/1.1" 500 47 "-" "PostmanRuntime/7.29.2"
::1 - - [29/Oct/2022:20:30:17 +0000] "POST /api/v1/stores HTTP/1.1" 500 47 "-" "PostmanRuntime/7.29.2"
::1 - - [29/Oct/2022:20:31:01 +0000] "POST /api/v1/stores HTTP/1.1" 200 300 "-" "PostmanRuntime/7.29.2"
::1 - - [29/Oct/2022:21:41:12 +0000] "POST /api/v1/stores HTTP/1.1" 500 47 "-" "PostmanRuntime/7.29.2"
::1 - - [29/Oct/2022:21:50:33 +0000] "POST /api/v1/stores HTTP/1.1" 500 663 "-" "PostmanRuntime/7.29.2"
::1 - - [29/Oct/2022:22:05:10 +0000] "POST /api/v1/stores HTTP/1.1" 409 373 "-" "PostmanRuntime/7.29.2"
::1 - - [29/Oct/2022:22:06:25 +0000] "POST /api/v1/stores HTTP/1.1" 409 373 "-" "PostmanRuntime/7.29.2"
::1 - - [29/Oct/2022:22:07:57 +0000] "POST /api/v1/stores HTTP/1.1" 500 663 "-" "PostmanRuntime/7.29.2"
::1 - - [29/Oct/2022:22:12:34 +0000] "POST /api/v1/stores HTTP/1.1" 409 373 "-" "PostmanRuntime/7.29.2"
::1 - - [30/Oct/2022:12:25:37 +0000] "POST /api/v1/stores HTTP/1.1" 500 663 "-" "PostmanRuntime/7.29.2"
::1 - - [30/Oct/2022:12:27:11 +0000] "POST /api/v1/stores HTTP/1.1" 500 663 "-" "PostmanRuntime/7.29.2"
::1 - - [30/Oct/2022:12:31:06 +0000] "POST /api/v1/stores HTTP/1.1" 409 373 "-" "PostmanRuntime/7.29.2"
::1 - - [30/Oct/2022:12:34:26 +0000] "POST /api/v1/stores HTTP/1.1" 409 72 "-" "PostmanRuntime/7.29.2"
::1 - - [30/Oct/2022:12:40:17 +0000] "POST /api/v1/stores HTTP/1.1" 500 1456 "-" "PostmanRuntime/7.29.2"
::1 - - [30/Oct/2022:12:52:09 +0000] "POST /api/v1/stores HTTP/1.1" 409 72 "-" "PostmanRuntime/7.29.2"
::1 - - [30/Oct/2022:12:53:27 +0000] "POST /api/v1/stores HTTP/1.1" 409 72 "-" "PostmanRuntime/7.29.2"
::1 - - [30/Oct/2022:12:53:31 +0000] "POST /api/v1/stores HTTP/1.1" 409 72 "-" "PostmanRuntime/7.29.2"
::1 - - [30/Oct/2022:12:59:12 +0000] "POST /api/v1/stores HTTP/1.1" 409 72 "-" "PostmanRuntime/7.29.2"
::1 - - [30/Oct/2022:12:59:16 +0000] "POST /api/v1/stores HTTP/1.1" 409 72 "-" "PostmanRuntime/7.29.2"
::1 - - [30/Oct/2022:12:59:35 +0000] "POST /api/v1/stores HTTP/1.1" 409 72 "-" "PostmanRuntime/7.29.2"
::1 - - [30/Oct/2022:13:01:20 +0000] "POST /api/v1/stores HTTP/1.1" 409 72 "-" "PostmanRuntime/7.29.2"
::1 - - [30/Oct/2022:13:04:01 +0000] "POST /api/v1/stores HTTP/1.1" 409 72 "-" "PostmanRuntime/7.29.2"
::1 - - [30/Oct/2022:13:04:29 +0000] "POST /api/v1/stores HTTP/1.1" 409 72 "-" "PostmanRuntime/7.29.2"
::1 - - [30/Oct/2022:13:05:47 +0000] "POST /api/v1/stores HTTP/1.1" 409 72 "-" "PostmanRuntime/7.29.2"
::1 - - [30/Oct/2022:13:13:10 +0000] "POST /api/v1/stores HTTP/1.1" 409 72 "-" "PostmanRuntime/7.29.2"
::1 - - [30/Oct/2022:13:18:27 +0000] "POST /api/v1/stores HTTP/1.1" 409 72 "-" "PostmanRuntime/7.29.2"
::1 - - [30/Oct/2022:13:46:00 +0000] "POST /api/v1/stores HTTP/1.1" 409 72 "-" "PostmanRuntime/7.29.2"
::1 - - [30/Oct/2022:13:59:17 +0000] "POST /api/v1/stores HTTP/1.1" 500 274 "-" "PostmanRuntime/7.29.2"
::1 - - [30/Oct/2022:14:03:15 +0000] "POST /api/v1/stores HTTP/1.1" 500 274 "-" "PostmanRuntime/7.29.2"
::1 - - [30/Oct/2022:14:08:33 +0000] "POST /api/v1/stores HTTP/1.1" 500 274 "-" "PostmanRuntime/7.29.2"
::1 - - [30/Oct/2022:14:10:33 +0000] "POST /api/v1/stores HTTP/1.1" 409 72 "-" "PostmanRuntime/7.29.2"
::1 - - [30/Oct/2022:14:11:42 +0000] "POST /api/v1/stores HTTP/1.1" 200 294 "-" "PostmanRuntime/7.29.2"
::1 - - [30/Oct/2022:14:19:19 +0000] "POST /api/v1/stores HTTP/1.1" 409 71 "-" "PostmanRuntime/7.29.2"
::1 - - [30/Oct/2022:14:20:11 +0000] "POST /api/v1/stores HTTP/1.1" 200 349 "-" "PostmanRuntime/7.29.2"
::1 - - [30/Oct/2022:14:50:39 +0000] "DELETE /api/v1/stores/635e881becdcfa29b0b9b4f6 HTTP/1.1" 204 - "-" "PostmanRuntime/7.29.2"
::1 - - [30/Oct/2022:14:54:06 +0000] "POST /api/v1/stores HTTP/1.1" 200 349 "-" "PostmanRuntime/7.29.2"
::1 - - [30/Oct/2022:14:58:08 +0000] "POST /api/v1/stores/635e900eccc9df398199410b HTTP/1.1" 404 1451 "-" "PostmanRuntime/7.29.2"
::1 - - [30/Oct/2022:14:59:45 +0000] "PATCH /api/v1/stores/635e900eccc9df398199410b HTTP/1.1" 200 314 "-" "PostmanRuntime/7.29.2"
::1 - - [30/Oct/2022:15:00:52 +0000] "POST /api/v1/users/signin HTTP/1.1" 401 267 "-" "PostmanRuntime/7.29.2"
::1 - - [30/Oct/2022:15:02:25 +0000] "POST /api/v1/users/signin HTTP/1.1" 401 267 "-" "PostmanRuntime/7.29.2"
::1 - - [30/Oct/2022:15:04:21 +0000] "POST /api/v1/users/signin HTTP/1.1" 401 267 "-" "PostmanRuntime/7.29.2"
::1 - - [30/Oct/2022:15:04:53 +0000] "POST /api/v1/users/signin HTTP/1.1" 401 267 "-" "PostmanRuntime/7.29.2"
::1 - - [30/Oct/2022:15:05:40 +0000] "POST /api/v1/users/signin HTTP/1.1" 401 267 "-" "PostmanRuntime/7.29.2"
::1 - - [30/Oct/2022:15:05:54 +0000] "POST /api/v1/users/signin HTTP/1.1" 401 267 "-" "PostmanRuntime/7.29.2"
::1 - - [30/Oct/2022:15:07:30 +0000] "POST /api/v1/users/signin HTTP/1.1" 200 373 "-" "PostmanRuntime/7.29.2"
::1 - - [30/Oct/2022:15:09:02 +0000] "POST /api/v1/users/signup HTTP/1.1" 201 378 "-" "PostmanRuntime/7.29.2"
::1 - - [30/Oct/2022:15:09:58 +0000] "POST /api/v1/users/signin HTTP/1.1" 200 364 "-" "PostmanRuntime/7.29.2"
::1 - - [30/Oct/2022:15:10:19 +0000] "PATCH /api/v1/stores/635e900eccc9df398199410b HTTP/1.1" 200 314 "-" "PostmanRuntime/7.29.2"
::1 - - [30/Oct/2022:15:15:58 +0000] "PATCH /api/v1/stores/635e900eccc9df398199410b HTTP/1.1" 200 314 "-" "PostmanRuntime/7.29.2"
::1 - - [30/Oct/2022:15:25:08 +0000] "GET /api/v1/stores HTTP/1.1" 200 48 "-" "PostmanRuntime/7.29.2"
::1 - - [30/Oct/2022:15:25:34 +0000] "GET /api/v1/stores HTTP/1.1" 200 48 "-" "PostmanRuntime/7.29.2"
::1 - - [30/Oct/2022:15:36:36 +0000] "GET /api/v1/stores HTTP/1.1" 200 48 "-" "PostmanRuntime/7.29.2"
::1 - - [30/Oct/2022:15:37:03 +0000] "GET /api/v1/stores HTTP/1.1" 200 48 "-" "PostmanRuntime/7.29.2"
::1 - - [30/Oct/2022:15:40:41 +0000] "GET /api/v1/stores HTTP/1.1" 200 48 "-" "PostmanRuntime/7.29.2"
::1 - - [30/Oct/2022:15:42:59 +0000] "GET /api/v1/stores HTTP/1.1" 200 48 "-" "PostmanRuntime/7.29.2"
::1 - - [30/Oct/2022:15:43:03 +0000] "GET /api/v1/stores HTTP/1.1" 200 48 "-" "PostmanRuntime/7.29.2"
::1 - - [30/Oct/2022:15:55:03 +0000] "GET /api/v1/stores HTTP/1.1" 200 48 "-" "PostmanRuntime/7.29.2"
::1 - - [30/Oct/2022:15:56:31 +0000] "GET /api/v1/stores HTTP/1.1" 200 48 "-" "PostmanRuntime/7.29.2"
::1 - - [30/Oct/2022:15:56:34 +0000] "GET /api/v1/stores HTTP/1.1" 200 48 "-" "PostmanRuntime/7.29.2"
::1 - - [30/Oct/2022:16:13:53 +0000] "POST /api/v1/users/forgot-password HTTP/1.1" 500 569 "-" "PostmanRuntime/7.29.2"
::1 - - [30/Oct/2022:16:14:09 +0000] "GET /api/v1/stores HTTP/1.1" 200 531 "-" "PostmanRuntime/7.29.2"
::1 - - [30/Oct/2022:18:14:53 +0000] "GET /api/v1/stores HTTP/1.1" 200 531 "-" "PostmanRuntime/7.29.2"
::1 - - [30/Oct/2022:18:15:08 +0000] "PATCH /api/v1/stores/635e900eccc9df398199410b HTTP/1.1" 200 314 "-" "PostmanRuntime/7.29.2"
::1 - - [30/Oct/2022:18:22:48 +0000] "PATCH /api/v1/stores/635e900eccc9df398199410b HTTP/1.1" 200 314 "-" "PostmanRuntime/7.29.2"
::1 - - [30/Oct/2022:18:24:17 +0000] "DELETE /api/v1/stores/635e900eccc9df398199410b HTTP/1.1" 204 - "-" "PostmanRuntime/7.29.2"
::1 - - [30/Oct/2022:18:29:09 +0000] "DELETE /api/v1/stores/635e900eccc9df398199410b HTTP/1.1" 204 - "-" "PostmanRuntime/7.29.2"
::1 - - [30/Oct/2022:18:30:00 +0000] "DELETE /api/v1/stores/635e900eccc9df398199410b HTTP/1.1" 204 - "-" "PostmanRuntime/7.29.2"
::1 - - [30/Oct/2022:18:50:14 +0000] "POST /api/v1/stores HTTP/1.1" 200 349 "-" "PostmanRuntime/7.29.2"
::1 - - [30/Oct/2022:18:50:44 +0000] "DELETE /api/v1/stores/635e900eccc9df398199410b HTTP/1.1" 204 - "-" "PostmanRuntime/7.29.2"
::1 - - [31/Oct/2022:07:04:16 +0000] "POST /api/v1/users/signin HTTP/1.1" 200 364 "-" "PostmanRuntime/7.29.2"
::1 - - [31/Oct/2022:07:13:55 +0000] "GET /api/v1/stores/?name=nextgen-supermaket HTTP/1.1" 200 63 "-" "PostmanRuntime/7.29.2"
::1 - - [31/Oct/2022:07:16:00 +0000] "GET /api/v1/stores/?name=nextgen-supermaket HTTP/1.1" 200 63 "-" "PostmanRuntime/7.29.2"
::1 - - [31/Oct/2022:07:16:09 +0000] "GET /api/v1/stores HTTP/1.1" 200 63 "-" "PostmanRuntime/7.29.2"
::1 - - [31/Oct/2022:07:21:02 +0000] "POST /api/v1/stores HTTP/1.1" 200 349 "-" "PostmanRuntime/7.29.2"
::1 - - [31/Oct/2022:07:21:22 +0000] "GET /api/v1/stores/?name=nextgen-supermaket HTTP/1.1" 200 324 "-" "PostmanRuntime/7.29.2"
::1 - - [31/Oct/2022:07:24:38 +0000] "POST /api/v1/users/signin HTTP/1.1" 200 366 "-" "PostmanRuntime/7.29.2"
::1 - - [31/Oct/2022:07:28:09 +0000] "POST /api/v1/stores HTTP/1.1" 200 363 "-" "PostmanRuntime/7.29.2"
::1 - - [31/Oct/2022:07:28:43 +0000] "GET /api/v1/stores HTTP/1.1" 200 600 "-" "PostmanRuntime/7.29.2"
::1 - - [31/Oct/2022:07:45:56 +0000] "POST /api/v1/users/signin HTTP/1.1" 200 364 "-" "PostmanRuntime/7.29.2"
::1 - - [31/Oct/2022:07:47:57 +0000] "PATCH /api/v1/stores/635f790983cb15d264caf7bd HTTP/1.1" 500 798 "-" "PostmanRuntime/7.29.2"
::1 - - [31/Oct/2022:07:56:19 +0000] "PATCH /api/v1/stores/635f790983cb15d264caf7bd HTTP/1.1" 200 302 "-" "PostmanRuntime/7.29.2"
::1 - - [31/Oct/2022:08:23:27 +0000] "PATCH /api/v1/stores/635f790983cb15d264caf7bd HTTP/1.1" 200 302 "-" "PostmanRuntime/7.29.2"
::1 - - [31/Oct/2022:08:34:21 +0000] "PATCH /api/v1/stores/635f790983cb15d264caf7bd HTTP/1.1" 500 370 "-" "PostmanRuntime/7.29.2"
::1 - - [31/Oct/2022:08:48:17 +0000] "PATCH /api/v1/stores/635f790983cb15d264caf7bd HTTP/1.1" 401 46 "-" "PostmanRuntime/7.29.2"
::1 - - [31/Oct/2022:09:11:36 +0000] "DELETE /api/v1/stores/635f790983cb15d264caf7bd HTTP/1.1" 401 46 "-" "PostmanRuntime/7.29.2"
::1 - - [31/Oct/2022:09:14:00 +0000] "POST /api/v1/users/signin HTTP/1.1" 200 373 "-" "PostmanRuntime/7.29.2"
::1 - - [31/Oct/2022:09:14:38 +0000] "DELETE /api/v1/users/63345df8fbf19f681f80980f HTTP/1.1" 400 391 "-" "PostmanRuntime/7.29.2"
::1 - - [31/Oct/2022:09:16:07 +0000] "DELETE /api/v1/stores/635f790983cb15d264caf7bd HTTP/1.1" 401 46 "-" "PostmanRuntime/7.29.2"
::1 - - [31/Oct/2022:09:19:56 +0000] "DELETE /api/v1/stores/635f790983cb15d264caf7bd HTTP/1.1" 401 46 "-" "PostmanRuntime/7.29.2"
::1 - - [31/Oct/2022:09:23:04 +0000] "DELETE /api/v1/stores/635f790983cb15d264caf7bd HTTP/1.1" 401 46 "-" "PostmanRuntime/7.29.2"
::1 - - [31/Oct/2022:09:23:43 +0000] "DELETE /api/v1/stores/635f790983cb15d264caf7bd HTTP/1.1" 401 46 "-" "PostmanRuntime/7.29.2"
::1 - - [31/Oct/2022:09:24:55 +0000] "DELETE /api/v1/stores/635f790983cb15d264caf7bd HTTP/1.1" 401 46 "-" "PostmanRuntime/7.29.2"
::1 - - [31/Oct/2022:09:25:43 +0000] "DELETE /api/v1/stores/635f790983cb15d264caf7bd HTTP/1.1" 401 46 "-" "PostmanRuntime/7.29.2"
::1 - - [31/Oct/2022:09:29:37 +0000] "DELETE /api/v1/stores/635f790983cb15d264caf7bd HTTP/1.1" 401 46 "-" "PostmanRuntime/7.29.2"
::1 - - [31/Oct/2022:09:49:17 +0000] "DELETE /api/v1/stores/635f790983cb15d264caf7bd HTTP/1.1" 401 46 "-" "PostmanRuntime/7.29.2"
::1 - - [31/Oct/2022:10:42:42 +0000] "POST /api/v1/users/signin HTTP/1.1" 200 373 "-" "PostmanRuntime/7.29.2"
::1 - - [31/Oct/2022:10:42:54 +0000] "DELETE /api/v1/stores/635f790983cb15d264caf7bd HTTP/1.1" 401 46 "-" "PostmanRuntime/7.29.2"
::1 - - [31/Oct/2022:10:48:34 +0000] "DELETE /api/v1/stores/635f790983cb15d264caf7bd HTTP/1.1" 204 - "-" "PostmanRuntime/7.29.2"
::1 - - [31/Oct/2022:14:50:50 +0000] "GET /api/v1/products HTTP/1.1" 500 47 "-" "PostmanRuntime/7.29.2"
::1 - - [31/Oct/2022:14:56:50 +0000] "GET /api/v1/products HTTP/1.1" 500 1735 "-" "PostmanRuntime/7.29.2"
::1 - - [31/Oct/2022:15:01:57 +0000] "GET /api/v1/products HTTP/1.1" 500 1735 "-" "PostmanRuntime/7.29.2"
::1 - - [31/Oct/2022:15:04:39 +0000] "GET /api/v1/products HTTP/1.1" 500 1735 "-" "PostmanRuntime/7.29.2"
::1 - - [31/Oct/2022:15:33:27 +0000] "GET /api/v1/products HTTP/1.1" 500 1715 "-" "PostmanRuntime/7.29.2"
::1 - - [31/Oct/2022:15:34:03 +0000] "GET /api/v1/products HTTP/1.1" 500 1735 "-" "PostmanRuntime/7.29.2"
::1 - - [01/Nov/2022:12:43:22 +0000] "GET /api/v1/products HTTP/1.1" 500 1735 "-" "PostmanRuntime/7.29.2"
::1 - - [07/Nov/2022:14:54:42 +0000] "POST /api/v1/users/signup HTTP/1.1" 500 1402 "-" "PostmanRuntime/7.29.2"
::1 - - [07/Nov/2022:14:57:08 +0000] "POST /api/v1/users/signup HTTP/1.1" 500 1402 "-" "PostmanRuntime/7.29.2"
::1 - - [07/Nov/2022:15:00:12 +0000] "POST /api/v1/users/signup HTTP/1.1" 500 1402 "-" "PostmanRuntime/7.29.2"
::1 - - [07/Nov/2022:15:02:19 +0000] "POST /api/v1/users/signup HTTP/1.1" 201 409 "-" "PostmanRuntime/7.29.2"
::1 - - [07/Nov/2022:15:04:15 +0000] "POST /api/v1/users/signup HTTP/1.1" 201 403 "-" "PostmanRuntime/7.29.2"
::1 - - [07/Nov/2022:15:06:26 +0000] "POST /api/v1/users/signin HTTP/1.1" 200 395 "-" "PostmanRuntime/7.29.2"
::1 - - [07/Nov/2022:15:07:06 +0000] "GET /api/v1/users HTTP/1.1" 200 383 "-" "PostmanRuntime/7.29.2"
::1 - - [07/Nov/2022:15:07:32 +0000] "GET /api/v1/users/63691dfa21b6ea289e19c749 HTTP/1.1" 200 213 "-" "PostmanRuntime/7.29.2"
::1 - - [07/Nov/2022:20:08:49 +0000] "POST /api/v1/users/forgot-password HTTP/1.1" 500 555 "-" "PostmanRuntime/7.29.2"
::1 - - [07/Nov/2022:20:10:58 +0000] "POST /api/v1/users/forgot-password HTTP/1.1" 500 555 "-" "PostmanRuntime/7.29.2"
::1 - - [07/Nov/2022:20:21:00 +0000] "POST /api/v1/users/forgot-password HTTP/1.1" 500 555 "-" "PostmanRuntime/7.29.2"
::1 - - [07/Nov/2022:20:22:32 +0000] "POST /api/v1/users/forgot-password HTTP/1.1" 500 555 "-" "PostmanRuntime/7.29.2"
::1 - - [07/Nov/2022:20:24:46 +0000] "POST /api/v1/users/forgot-password HTTP/1.1" 500 373 "-" "PostmanRuntime/7.29.2"
::1 - - [07/Nov/2022:20:30:57 +0000] "POST /api/v1/users/forgot-password HTTP/1.1" 200 194 "-" "PostmanRuntime/7.29.2"
::1 - - [07/Nov/2022:20:42:27 +0000] "PATCH /api/v1/users/update-password/1a0beac4c2c4c48af224b0a2a994ce7105dfc127c159ba7b42bb8c6ba1c39f20 HTTP/1.1" 401 1396 "-" "PostmanRuntime/7.29.2"
::1 - - [07/Nov/2022:20:47:11 +0000] "PATCH /api/v1/users/reset-password/1a0beac4c2c4c48af224b0a2a994ce7105dfc127c159ba7b42bb8c6ba1c39f20 HTTP/1.1" 400 365 "-" "PostmanRuntime/7.29.2"
::1 - - [07/Nov/2022:20:48:15 +0000] "POST /api/v1/users/forgot-password HTTP/1.1" 200 194 "-" "PostmanRuntime/7.29.2"
::1 - - [07/Nov/2022:20:49:27 +0000] "PATCH /api/v1/users/reset-password/9d702b3989eb638aae1ae061c49a36e3e3a7f97103c0f42e39a45a8c6a820b92%0A HTTP/1.1" 400 365 "-" "PostmanRuntime/7.29.2"
::1 - - [07/Nov/2022:20:50:16 +0000] "PATCH /api/v1/users/reset-password/9d702b3989eb638aae1ae061c49a36e3e3a7f97103c0f42e39a45a8c6a820b92 HTTP/1.1" 200 442 "-" "PostmanRuntime/7.29.2"
::1 - - [07/Nov/2022:20:51:49 +0000] "PATCH /api/v1/users/update-password/63691dfa21b6ea289e19c749 HTTP/1.1" 200 442 "-" "PostmanRuntime/7.29.2"
::1 - - [07/Nov/2022:21:04:21 +0000] "PATCH /api/v1/users/63345df8fbf19f681f80980f HTTP/1.1" 400 384 "-" "PostmanRuntime/7.29.2"
::1 - - [07/Nov/2022:21:04:42 +0000] "PATCH /api/v1/users/63691dfa21b6ea289e19c749 HTTP/1.1" 200 265 "-" "PostmanRuntime/7.29.2"
::1 - - [08/Nov/2022:12:45:16 +0000] "POST /api/v1/users/signin HTTP/1.1" 200 447 "-" "PostmanRuntime/7.29.2"
::1 - - [08/Nov/2022:12:45:27 +0000] "GET /api/v1/users HTTP/1.1" 200 435 "-" "PostmanRuntime/7.29.2"
::1 - - [08/Nov/2022:12:45:54 +0000] "POST /api/v1/users/signin HTTP/1.1" 200 389 "-" "PostmanRuntime/7.29.2"
::1 - - [08/Nov/2022:12:46:09 +0000] "POST /api/v1/products HTTP/1.1" 500 1186 "-" "PostmanRuntime/7.29.2"
::1 - - [08/Nov/2022:12:59:24 +0000] "POST /api/v1/products HTTP/1.1" 500 1183 "-" "PostmanRuntime/7.29.2"
::1 - - [08/Nov/2022:13:01:18 +0000] "POST /api/v1/products HTTP/1.1" 500 397 "-" "PostmanRuntime/7.29.2"
::1 - - [09/Nov/2022:10:59:39 +0000] "POST /api/v1/products HTTP/1.1" 401 46 "-" "PostmanRuntime/7.29.2"
::1 - - [09/Nov/2022:11:41:48 +0000] "POST /api/v1/users/signin HTTP/1.1" 200 389 "-" "PostmanRuntime/7.29.2"
::1 - - [09/Nov/2022:11:42:16 +0000] "POST /api/v1/products HTTP/1.1" 401 46 "-" "PostmanRuntime/7.29.2"
::1 - - [09/Nov/2022:12:47:00 +0000] "POST /api/v1/products HTTP/1.1" 401 46 "-" "PostmanRuntime/7.29.2"
::1 - - [09/Nov/2022:12:52:28 +0000] "POST /api/v1/users/signup HTTP/1.1" 201 396 "-" "PostmanRuntime/7.29.2"
::1 - - [09/Nov/2022:12:53:00 +0000] "POST /api/v1/users/signin HTTP/1.1" 200 382 "-" "PostmanRuntime/7.29.2"
::1 - - [09/Nov/2022:12:53:13 +0000] "POST /api/v1/products HTTP/1.1" 403 741 "-" "PostmanRuntime/7.29.2"
::1 - - [09/Nov/2022:14:15:01 +0000] "POST /api/v1/users/signup HTTP/1.1" 500 1449 "-" "PostmanRuntime/7.29.2"
::1 - - [10/Nov/2022:10:10:40 +0000] "POST /api/v1/products HTTP/1.1" 403 741 "-" "PostmanRuntime/7.29.2"
::1 - - [10/Nov/2022:10:13:33 +0000] "POST /api/v1/products HTTP/1.1" 403 741 "-" "PostmanRuntime/7.29.2"
::1 - - [10/Nov/2022:10:17:11 +0000] "POST /api/v1/users/signin HTTP/1.1" 200 382 "-" "PostmanRuntime/7.29.2"
::1 - - [10/Nov/2022:10:18:10 +0000] "POST /api/v1/users/signin HTTP/1.1" 200 389 "-" "PostmanRuntime/7.29.2"
::1 - - [10/Nov/2022:10:18:26 +0000] "POST /api/v1/products HTTP/1.1" 403 741 "-" "PostmanRuntime/7.29.2"
::1 - - [10/Nov/2022:10:35:00 +0000] "POST /api/v1/users/signin HTTP/1.1" 401 260 "-" "PostmanRuntime/7.29.2"
::1 - - [10/Nov/2022:10:37:27 +0000] "POST /api/v1/users/signin HTTP/1.1" 401 254 "-" "PostmanRuntime/7.29.2"
::1 - - [10/Nov/2022:10:37:43 +0000] "POST /api/v1/users/signin HTTP/1.1" 200 389 "-" "PostmanRuntime/7.29.2"
::1 - - [10/Nov/2022:10:38:32 +0000] "POST /api/v1/products HTTP/1.1" 403 735 "-" "PostmanRuntime/7.29.2"
::1 - - [10/Nov/2022:10:39:42 +0000] "POST /api/v1/products HTTP/1.1" 403 735 "-" "PostmanRuntime/7.29.2"
::1 - - [10/Nov/2022:10:41:00 +0000] "PATCH /api/v1/users/63691dfa21b6ea289e19c749 HTTP/1.1" 403 333 "-" "PostmanRuntime/7.29.2"
::1 - - [10/Nov/2022:10:45:23 +0000] "PATCH /api/v1/users/63691e6f21b6ea289e19c74b HTTP/1.1" 200 207 "-" "PostmanRuntime/7.29.2"
::1 - - [10/Nov/2022:10:50:54 +0000] "PATCH /api/v1/users/63691e6f21b6ea289e19c74b HTTP/1.1" 200 208 "-" "PostmanRuntime/7.29.2"
::1 - - [10/Nov/2022:10:51:17 +0000] "POST /api/v1/products HTTP/1.1" 401 46 "-" "PostmanRuntime/7.29.2"
::1 - - [10/Nov/2022:10:52:24 +0000] "POST /api/v1/stores HTTP/1.1" 500 1365 "-" "PostmanRuntime/7.29.2"
::1 - - [10/Nov/2022:10:53:27 +0000] "POST /api/v1/stores HTTP/1.1" 500 323 "-" "PostmanRuntime/7.29.2"
::1 - - [10/Nov/2022:11:06:01 +0000] "POST /api/v1/stores HTTP/1.1" 200 418 "-" "PostmanRuntime/7.29.2"
::1 - - [10/Nov/2022:11:07:46 +0000] "POST /api/v1/users/signin HTTP/1.1" 500 376 "-" "PostmanRuntime/7.29.2"
::1 - - [10/Nov/2022:11:08:52 +0000] "POST /api/v1/users/signin HTTP/1.1" 500 376 "-" "PostmanRuntime/7.29.2"
::1 - - [10/Nov/2022:11:09:22 +0000] "POST /api/v1/users/signin HTTP/1.1" 500 376 "-" "PostmanRuntime/7.29.2"
::1 - - [10/Nov/2022:11:11:17 +0000] "POST /api/v1/users/signin HTTP/1.1" 500 376 "-" "PostmanRuntime/7.29.2"
::1 - - [11/Nov/2022:08:02:52 +0000] "POST /api/v1/users/signin HTTP/1.1" 404 382 "-" "PostmanRuntime/7.29.2"
::1 - - [11/Nov/2022:08:07:37 +0000] "POST /api/v1/users/signin HTTP/1.1" 200 447 "-" "PostmanRuntime/7.29.2"
::1 - - [11/Nov/2022:08:09:22 +0000] "POST /api/v1/stores HTTP/1.1" 409 68 "-" "PostmanRuntime/7.29.2"
::1 - - [11/Nov/2022:08:12:39 +0000] "POST /api/v1/stores HTTP/1.1" 200 423 "-" "PostmanRuntime/7.29.2"
::1 - - [11/Nov/2022:08:25:58 +0000] "POST /api/v1/stores HTTP/1.1" 500 371 "-" "PostmanRuntime/7.29.2"
::1 - - [11/Nov/2022:08:38:55 +0000] "POST /api/v1/stores HTTP/1.1" 409 71 "-" "PostmanRuntime/7.29.2"
::1 - - [11/Nov/2022:08:39:09 +0000] "POST /api/v1/stores HTTP/1.1" 200 424 "-" "PostmanRuntime/7.29.2"
::1 - - [11/Nov/2022:08:40:58 +0000] "POST /api/v1/stores HTTP/1.1" 500 371 "-" "PostmanRuntime/7.29.2"
::1 - - [11/Nov/2022:08:45:07 +0000] "POST /api/v1/stores HTTP/1.1" 500 371 "-" "PostmanRuntime/7.29.2"
::1 - - [11/Nov/2022:08:46:01 +0000] "POST /api/v1/stores HTTP/1.1" 500 371 "-" "PostmanRuntime/7.29.2"
::1 - - [11/Nov/2022:08:47:13 +0000] "POST /api/v1/stores HTTP/1.1" 500 1238 "-" "PostmanRuntime/7.29.2"
::1 - - [11/Nov/2022:08:48:04 +0000] "POST /api/v1/stores HTTP/1.1" 500 1238 "-" "PostmanRuntime/7.29.2"
::1 - - [11/Nov/2022:08:48:34 +0000] "POST /api/v1/stores HTTP/1.1" 500 371 "-" "PostmanRuntime/7.29.2"
::1 - - [11/Nov/2022:08:49:15 +0000] "POST /api/v1/stores HTTP/1.1" 500 371 "-" "PostmanRuntime/7.29.2"
::1 - - [11/Nov/2022:08:50:05 +0000] "POST /api/v1/stores HTTP/1.1" 500 371 "-" "PostmanRuntime/7.29.2"
::1 - - [11/Nov/2022:08:51:29 +0000] "POST /api/v1/stores HTTP/1.1" 500 371 "-" "PostmanRuntime/7.29.2"
::1 - - [11/Nov/2022:08:53:03 +0000] "POST /api/v1/stores HTTP/1.1" 200 427 "-" "PostmanRuntime/7.29.2"
::1 - - [11/Nov/2022:09:35:08 +0000] "GET /api/v1/products HTTP/1.1" 500 1742 "-" "PostmanRuntime/7.29.2"
::1 - - [11/Nov/2022:09:37:20 +0000] "GET /api/v1/store HTTP/1.1" 404 1357 "-" "PostmanRuntime/7.29.2"
::1 - - [11/Nov/2022:09:37:30 +0000] "GET /api/v1/stores HTTP/1.1" 500 1311 "-" "PostmanRuntime/7.29.2"
::1 - - [14/Nov/2022:12:16:42 +0000] "POST /api/v1/users/signin HTTP/1.1" 500 493 "-" "PostmanRuntime/7.29.2"
::1 - - [14/Nov/2022:12:24:05 +0000] "POST /api/v1/users/signin HTTP/1.1" 200 447 "-" "PostmanRuntime/7.29.2"
::1 - - [14/Nov/2022:12:24:25 +0000] "POST /api/v1/users/signin HTTP/1.1" 200 390 "-" "PostmanRuntime/7.29.2"
::1 - - [14/Nov/2022:12:24:57 +0000] "POST /api/v1/users/signin HTTP/1.1" 200 447 "-" "PostmanRuntime/7.29.2"
::1 - - [14/Nov/2022:12:25:03 +0000] "GET /api/v1/users HTTP/1.1" 200 592 "-" "PostmanRuntime/7.29.2"
::1 - - [14/Nov/2022:12:25:26 +0000] "GET /api/v1/users/636ba28c508d4bccb3a82805 HTTP/1.1" 200 200 "-" "PostmanRuntime/7.29.2"
::1 - - [14/Nov/2022:12:26:16 +0000] "POST /api/v1/users/signup HTTP/1.1" 500 1545 "-" "PostmanRuntime/7.29.2"
::1 - - [14/Nov/2022:13:16:19 +0000] "POST /api/v1/users/signup HTTP/1.1" 201 410 "-" "PostmanRuntime/7.29.2"
::1 - - [14/Nov/2022:13:16:29 +0000] "POST /api/v1/users/signin HTTP/1.1" 404 382 "-" "PostmanRuntime/7.29.2"
::1 - - [14/Nov/2022:13:18:51 +0000] "POST /api/v1/users/signup HTTP/1.1" 201 410 "-" "PostmanRuntime/7.29.2"
::1 - - [14/Nov/2022:13:18:58 +0000] "POST /api/v1/users/signin HTTP/1.1" 200 447 "-" "PostmanRuntime/7.29.2"
::1 - - [14/Nov/2022:13:19:23 +0000] "GET /api/v1/users HTTP/1.1" 200 762 "-" "PostmanRuntime/7.29.2"
::1 - - [14/Nov/2022:13:31:20 +0000] "POST /api/v1/users/signin HTTP/1.1" 500 2134 "-" "PostmanRuntime/7.29.2"
::1 - - [14/Nov/2022:13:32:27 +0000] "POST /api/v1/users/signin HTTP/1.1" 200 396 "-" "PostmanRuntime/7.29.2"
::1 - - [15/Nov/2022:10:18:29 +0000] "POST /api/v1/stores HTTP/1.1" 500 371 "-" "PostmanRuntime/7.29.2"
::1 - - [15/Nov/2022:10:23:31 +0000] "POST /api/v1/stores HTTP/1.1" 500 371 "-" "PostmanRuntime/7.29.2"
::1 - - [15/Nov/2022:10:27:05 +0000] "POST /api/v1/stores HTTP/1.1" 500 371 "-" "PostmanRuntime/7.29.2"
::1 - - [15/Nov/2022:10:28:32 +0000] "POST /api/v1/stores HTTP/1.1" 500 371 "-" "PostmanRuntime/7.29.2"
::1 - - [15/Nov/2022:10:28:59 +0000] "POST /api/v1/stores HTTP/1.1" 500 371 "-" "PostmanRuntime/7.29.2"
::1 - - [15/Nov/2022:10:36:36 +0000] "POST /api/v1/stores HTTP/1.1" 500 371 "-" "PostmanRuntime/7.29.2"
::1 - - [15/Nov/2022:10:39:40 +0000] "POST /api/v1/stores HTTP/1.1" 500 371 "-" "PostmanRuntime/7.29.2"
::1 - - [15/Nov/2022:10:43:44 +0000] "POST /api/v1/stores HTTP/1.1" 500 371 "-" "PostmanRuntime/7.29.2"
::1 - - [15/Nov/2022:10:45:11 +0000] "POST /api/v1/stores HTTP/1.1" 500 371 "-" "PostmanRuntime/7.29.2"
::1 - - [15/Nov/2022:10:46:27 +0000] "POST /api/v1/stores HTTP/1.1" 500 371 "-" "PostmanRuntime/7.29.2"
::1 - - [15/Nov/2022:10:46:59 +0000] "POST /api/v1/stores HTTP/1.1" 500 371 "-" "PostmanRuntime/7.29.2"
::1 - - [15/Nov/2022:10:47:54 +0000] "POST /api/v1/stores HTTP/1.1" - - "-" "PostmanRuntime/7.29.2"
::1 - - [15/Nov/2022:10:48:02 +0000] "POST /api/v1/stores HTTP/1.1" 500 1443 "-" "PostmanRuntime/7.29.2"
::1 - - [15/Nov/2022:10:50:40 +0000] "POST /api/v1/stores HTTP/1.1" 500 371 "-" "PostmanRuntime/7.29.2"
::1 - - [15/Nov/2022:11:00:30 +0000] "POST /api/v1/stores HTTP/1.1" 500 1167 "-" "PostmanRuntime/7.29.2"
::1 - - [15/Nov/2022:18:25:57 +0000] "POST /api/v1/stores HTTP/1.1" 500 895 "-" "PostmanRuntime/7.29.2"
::1 - - [15/Nov/2022:18:52:50 +0000] "POST /api/v1/stores HTTP/1.1" 500 371 "-" "PostmanRuntime/7.29.2"
::1 - - [15/Nov/2022:19:55:41 +0000] "POST /api/v1/stores HTTP/1.1" 500 1452 "-" "PostmanRuntime/7.29.2"
::1 - - [15/Nov/2022:19:59:24 +0000] "POST /api/v1/stores HTTP/1.1" 500 1398 "-" "PostmanRuntime/7.29.2"
::1 - - [15/Nov/2022:20:02:17 +0000] "POST /api/v1/stores HTTP/1.1" 200 513 "-" "PostmanRuntime/7.29.2"
::1 - - [15/Nov/2022:20:09:57 +0000] "POST /api/v1/products HTTP/1.1" - - "-" "PostmanRuntime/7.29.2"
::1 - - [15/Nov/2022:20:10:15 +0000] "POST /api/v1/products HTTP/1.1" 401 46 "-" "PostmanRuntime/7.29.2"
::1 - - [15/Nov/2022:20:21:57 +0000] "POST /api/v1/products HTTP/1.1" 500 323 "-" "PostmanRuntime/7.29.2"
::1 - - [15/Nov/2022:20:22:40 +0000] "POST /api/v1/products HTTP/1.1" 500 342 "-" "PostmanRuntime/7.29.2"
::1 - - [15/Nov/2022:20:24:13 +0000] "POST /api/v1/products HTTP/1.1" 500 493 "-" "PostmanRuntime/7.29.2"
::1 - - [15/Nov/2022:20:24:33 +0000] "POST /api/v1/products HTTP/1.1" 500 1784 "-" "PostmanRuntime/7.29.2"
::1 - - [15/Nov/2022:20:31:17 +0000] "POST /api/v1/products HTTP/1.1" 500 1784 "-" "PostmanRuntime/7.29.2"
::1 - - [15/Nov/2022:20:33:24 +0000] "POST /api/v1/products HTTP/1.1" 500 1784 "-" "PostmanRuntime/7.29.2"
::1 - - [15/Nov/2022:20:36:17 +0000] "POST /api/v1/products HTTP/1.1" 500 1784 "-" "PostmanRuntime/7.29.2"
::1 - - [15/Nov/2022:20:41:42 +0000] "POST /api/v1/products HTTP/1.1" 200 54 "-" "PostmanRuntime/7.29.2"
::1 - - [15/Nov/2022:20:42:38 +0000] "POST /api/v1/products HTTP/1.1" 200 54 "-" "PostmanRuntime/7.29.2"
::1 - - [15/Nov/2022:20:45:33 +0000] "POST /api/v1/products HTTP/1.1" - - "-" "PostmanRuntime/7.29.2"
::1 - - [15/Nov/2022:20:58:51 +0000] "POST /api/v1/products HTTP/1.1" - - "-" "PostmanRuntime/7.29.2"
::1 - - [15/Nov/2022:20:58:57 +0000] "POST /api/v1/products HTTP/1.1" 500 727 "-" "PostmanRuntime/7.29.2"
::1 - - [15/Nov/2022:21:03:38 +0000] "POST /api/v1/users/signin HTTP/1.1" - - "-" "PostmanRuntime/7.29.2"
::1 - - [15/Nov/2022:21:04:27 +0000] "POST /api/v1/users/signin HTTP/1.1" 404 382 "-" "PostmanRuntime/7.29.2"
::1 - - [15/Nov/2022:21:07:58 +0000] "POST /api/v1/users/signin HTTP/1.1" 404 382 "-" "PostmanRuntime/7.29.2"
::1 - - [15/Nov/2022:21:11:29 +0000] "POST /api/v1/users/signin HTTP/1.1" 200 396 "-" "PostmanRuntime/7.29.2"
::1 - - [15/Nov/2022:21:12:59 +0000] "POST /api/v1/products HTTP/1.1" 200 52 "-" "PostmanRuntime/7.29.2"
::1 - - [15/Nov/2022:21:13:35 +0000] "POST /api/v1/products HTTP/1.1" 200 366 "-" "PostmanRuntime/7.29.2"
::1 - - [15/Nov/2022:21:18:11 +0000] "POST /api/v1/carts/ HTTP/1.1" 400 370 "-" "PostmanRuntime/7.29.2"
::1 - - [15/Nov/2022:21:25:13 +0000] "POST /api/v1/carts/ HTTP/1.1" 400 368 "-" "PostmanRuntime/7.29.2"
::1 - - [15/Nov/2022:21:25:28 +0000] "POST /api/v1/carts/ HTTP/1.1" 500 2506 "-" "PostmanRuntime/7.29.2"
::1 - - [15/Nov/2022:21:27:45 +0000] "POST /api/v1/carts/ HTTP/1.1" 500 2506 "-" "PostmanRuntime/7.29.2"
::1 - - [15/Nov/2022:21:31:02 +0000] "POST /api/v1/carts/ HTTP/1.1" 500 2506 "-" "PostmanRuntime/7.29.2"
::1 - - [15/Nov/2022:21:33:29 +0000] "POST /api/v1/carts/ HTTP/1.1" 500 978 "-" "PostmanRuntime/7.29.2"
::1 - - [15/Nov/2022:21:35:46 +0000] "POST /api/v1/carts/ HTTP/1.1" 500 978 "-" "PostmanRuntime/7.29.2"
::1 - - [15/Nov/2022:21:44:16 +0000] "POST /api/v1/carts/ HTTP/1.1" 200 269 "-" "PostmanRuntime/7.29.2"
::1 - - [15/Nov/2022:21:56:34 +0000] "GET /api/v1/stores HTTP/1.1" 200 480 "-" "PostmanRuntime/7.29.2"
::1 - - [15/Nov/2022:22:04:28 +0000] "POST /api/v1/products HTTP/1.1" 500 1160 "-" "PostmanRuntime/7.29.2"
::1 - - [15/Nov/2022:22:06:04 +0000] "POST /api/v1/products HTTP/1.1" 500 183 "-" "PostmanRuntime/7.29.2"
::1 - - [15/Nov/2022:22:09:07 +0000] "POST /api/v1/products HTTP/1.1" 500 183 "-" "PostmanRuntime/7.29.2"
::1 - - [15/Nov/2022:22:11:08 +0000] "POST /api/v1/products HTTP/1.1" 500 183 "-" "PostmanRuntime/7.29.2"
::1 - - [16/Nov/2022:11:42:14 +0000] "POST /api/v1/products HTTP/1.1" 500 183 "-" "PostmanRuntime/7.29.2"
::1 - - [16/Nov/2022:11:46:03 +0000] "POST /api/v1/products HTTP/1.1" 500 183 "-" "PostmanRuntime/7.29.2"
::1 - - [16/Nov/2022:11:49:23 +0000] "POST /api/v1/products HTTP/1.1" 200 52 "-" "PostmanRuntime/7.29.2"
::1 - - [16/Nov/2022:11:49:55 +0000] "GET /api/v1/products HTTP/1.1" 500 1742 "-" "PostmanRuntime/7.29.2"
::1 - - [16/Nov/2022:11:54:04 +0000] "GET /api/v1/products HTTP/1.1" 500 1742 "-" "PostmanRuntime/7.29.2"
::1 - - [16/Nov/2022:11:54:19 +0000] "GET /api/v1/products HTTP/1.1" 500 1742 "-" "PostmanRuntime/7.29.2"
::1 - - [16/Nov/2022:11:57:24 +0000] "GET /api/v1/products HTTP/1.1" 500 1742 "-" "PostmanRuntime/7.29.2"
::1 - - [16/Nov/2022:12:00:04 +0000] "GET /api/v1/products HTTP/1.1" 500 1718 "-" "PostmanRuntime/7.29.2"
::1 - - [16/Nov/2022:12:00:13 +0000] "GET /api/v1/products HTTP/1.1" 500 1742 "-" "PostmanRuntime/7.29.2"
::1 - - [16/Nov/2022:12:00:15 +0000] "GET /api/v1/products HTTP/1.1" 500 1742 "-" "PostmanRuntime/7.29.2"
::1 - - [16/Nov/2022:12:00:23 +0000] "GET /api/v1/products HTTP/1.1" 500 1742 "-" "PostmanRuntime/7.29.2"
::1 - - [16/Nov/2022:12:07:30 +0000] "GET /api/v1/products HTTP/1.1" 200 836 "-" "PostmanRuntime/7.29.2"
::1 - - [16/Nov/2022:12:10:41 +0000] "GET /api/v1/products HTTP/1.1" 200 836 "-" "PostmanRuntime/7.29.2"
::1 - - [16/Nov/2022:12:12:44 +0000] "POST /api/v1/products HTTP/1.1" 500 161 "-" "PostmanRuntime/7.29.2"
::1 - - [16/Nov/2022:12:13:09 +0000] "POST /api/v1/products HTTP/1.1" - - "-" "PostmanRuntime/7.29.2"
::1 - - [16/Nov/2022:12:13:15 +0000] "POST /api/v1/products HTTP/1.1" 200 52 "-" "PostmanRuntime/7.29.2"
::1 - - [16/Nov/2022:12:13:23 +0000] "GET /api/v1/products HTTP/1.1" 200 836 "-" "PostmanRuntime/7.29.2"
::1 - - [16/Nov/2022:12:14:02 +0000] "POST /api/v1/products HTTP/1.1" 200 52 "-" "PostmanRuntime/7.29.2"
::1 - - [16/Nov/2022:12:14:12 +0000] "GET /api/v1/products HTTP/1.1" 200 836 "-" "PostmanRuntime/7.29.2"
::1 - - [16/Nov/2022:12:17:06 +0000] "POST /api/v1/products HTTP/1.1" 200 430 "-" "PostmanRuntime/7.29.2"
::1 - - [16/Nov/2022:12:37:20 +0000] "POST /api/v1/products HTTP/1.1" 200 52 "-" "PostmanRuntime/7.29.2"
::1 - - [16/Nov/2022:12:37:26 +0000] "GET /api/v1/products HTTP/1.1" 200 1182 "-" "PostmanRuntime/7.29.2"
::1 - - [16/Nov/2022:12:37:56 +0000] "GET /api/v1/products/%226374d4c241fc663daf0a4e72 HTTP/1.1" 500 1742 "-" "PostmanRuntime/7.29.2"
::1 - - [16/Nov/2022:12:52:26 +0000] "GET /api/v1/products/%226374d4c241fc663daf0a4e72 HTTP/1.1" 500 914 "-" "PostmanRuntime/7.29.2"
::1 - - [16/Nov/2022:12:52:37 +0000] "GET /api/v1/products/6374d4c241fc663daf0a4e72 HTTP/1.1" 200 393 "-" "PostmanRuntime/7.29.2"
::1 - - [16/Nov/2022:13:26:00 +0000] "DELETE /api/v1/products/633840967874c8cca25c4291?name=addidas%20shoes HTTP/1.1" 404 58 "-" "PostmanRuntime/7.29.2"
::1 - - [16/Nov/2022:13:26:33 +0000] "POST /api/v1/products?name=addidas%20shoes HTTP/1.1" 500 948 "-" "PostmanRuntime/7.29.2"
::1 - - [16/Nov/2022:13:27:07 +0000] "POST /api/v1/products/6374d4c241fc663daf0a4e72 HTTP/1.1" 404 1403 "-" "PostmanRuntime/7.29.2"
::1 - - [16/Nov/2022:13:29:00 +0000] "POST /api/v1/products/6374d4c241fc663daf0a4e72 HTTP/1.1" 404 1403 "-" "PostmanRuntime/7.29.2"
::1 - - [16/Nov/2022:13:29:51 +0000] "POST /api/v1/products/6374d4c241fc663daf0a4e72 HTTP/1.1" 404 1403 "-" "PostmanRuntime/7.29.2"
::1 - - [16/Nov/2022:19:47:03 +0000] "GET /api/v1/stores HTTP/1.1" 200 480 "-" "PostmanRuntime/7.29.2"
::1 - - [16/Nov/2022:19:51:37 +0000] "PATCH /api/v1/stores/6373f04918d6c6908b46609b HTTP/1.1" 401 46 "-" "PostmanRuntime/7.29.2"
::1 - - [16/Nov/2022:19:59:45 +0000] "PATCH /api/v1/stores/6373f04918d6c6908b46609b HTTP/1.1" 401 46 "-" "PostmanRuntime/7.29.2"
::1 - - [16/Nov/2022:20:06:26 +0000] "PATCH /api/v1/stores/6373f04918d6c6908b46609b HTTP/1.1" - - "-" "PostmanRuntime/7.29.2"
::1 - - [16/Nov/2022:20:06:49 +0000] "PATCH /api/v1/stores/6373f04918d6c6908b46609b HTTP/1.1" 401 46 "-" "PostmanRuntime/7.29.2"
::1 - - [16/Nov/2022:20:08:03 +0000] "PATCH /api/v1/stores/6373f04918d6c6908b46609b HTTP/1.1" 500 321 "-" "PostmanRuntime/7.29.2"
::1 - - [16/Nov/2022:20:17:13 +0000] "PATCH /api/v1/stores/6373f04918d6c6908b46609b HTTP/1.1" 200 477 "-" "PostmanRuntime/7.29.2"
::1 - - [16/Nov/2022:20:28:24 +0000] "POST /api/v1/stores HTTP/1.1" 200 514 "-" "PostmanRuntime/7.29.2"
::1 - - [16/Nov/2022:20:50:58 +0000] "DELETE /api/v1/stores/637547e8eb730cbcb7f56f4d HTTP/1.1" 401 46 "-" "PostmanRuntime/7.29.2"
::1 - - [16/Nov/2022:20:53:12 +0000] "DELETE /api/v1/stores/637547e8eb730cbcb7f56f4d HTTP/1.1" 204 - "-" "PostmanRuntime/7.29.2"
::1 - - [16/Nov/2022:20:54:14 +0000] "DELETE /api/v1/stores/637547e8eb730cbcb7f56f4d HTTP/1.1" 404 42 "-" "PostmanRuntime/7.29.2"
::1 - - [16/Nov/2022:20:54:29 +0000] "POST /api/v1/stores HTTP/1.1" 200 514 "-" "PostmanRuntime/7.29.2"
::1 - - [16/Nov/2022:20:55:15 +0000] "DELETE /api/v1/stores/63754e04cc2ddd5a7c390e75 HTTP/1.1" 204 - "-" "PostmanRuntime/7.29.2"
::1 - - [16/Nov/2022:21:12:13 +0000] "POST /api/v1/stores HTTP/1.1" 500 161 "-" "PostmanRuntime/7.29.2"
::1 - - [16/Nov/2022:21:14:40 +0000] "POST /api/v1/stores HTTP/1.1" 200 514 "-" "PostmanRuntime/7.29.2"
::1 - - [16/Nov/2022:21:20:27 +0000] "GET /api/v1/stores/633ae39ed85fc9d5a07b7ade HTTP/1.1" 404 1409 "-" "PostmanRuntime/7.29.2"
::1 - - [16/Nov/2022:21:30:40 +0000] "GET /api/v1/stores/633ae39ed85fc9d5a07b7ade HTTP/1.1" 400 398 "-" "PostmanRuntime/7.29.2"
::1 - - [16/Nov/2022:21:31:17 +0000] "GET /api/v1/stores/637552c0aaf20e9fe38e0630 HTTP/1.1" 200 463 "-" "PostmanRuntime/7.29.2"
